<?xml version="1.0" encoding="UTF-8"?>
<!-- Generated by org.testng.reporters.JUnitReportReporter -->
<testsuite hostname="LAPTOP-TQ45TD2P" failures="0" tests="1" name="tests.LoginTest" time="13.109" errors="0" timestamp="2025-09-18T15:25:27 IST" skipped="0">
  <testcase classname="tests.LoginTest" name="testValidLogin" time="13.109"/>
</testsuite> <!-- tests.LoginTest -->
